\BOOKMARK [0][]{chapter*.3}{List of Figures}{}% 1
\BOOKMARK [0][]{chapter*.4}{List of Tables}{}% 2
\BOOKMARK [0][]{chapter*.5}{Foreword}{}% 3
\BOOKMARK [0][]{chapter*.6}{Introduction}{}% 4
\BOOKMARK [-1][]{part.1}{I The Modeling Language}{}% 5
\BOOKMARK [0][]{chapter.1}{The Syntax of Apricot}{part.1}% 6
\BOOKMARK [1][]{section.1.1}{Identifiers}{chapter.1}% 7
\BOOKMARK [1][]{section.1.2}{Types, Values, and Variables}{chapter.1}% 8
\BOOKMARK [2][]{subsection.1.2.1}{Primitive Types}{section.1.2}% 9
\BOOKMARK [2][]{subsection.1.2.2}{Mathematic Types and Values}{section.1.2}% 10
\BOOKMARK [2][]{subsection.1.2.3}{Reference Types and Values}{section.1.2}% 11
\BOOKMARK [2][]{subsection.1.2.4}{Variables}{section.1.2}% 12
\BOOKMARK [1][]{section.1.3}{Mathematical Operations}{chapter.1}% 13
\BOOKMARK [2][]{subsection.1.3.1}{Arithmetic Operators}{section.1.3}% 14
\BOOKMARK [2][]{subsection.1.3.2}{Boolean Operators}{section.1.3}% 15
\BOOKMARK [2][]{subsection.1.3.3}{Numeric Comparisons}{section.1.3}% 16
\BOOKMARK [2][]{subsection.1.3.4}{Mathematical Functions}{section.1.3}% 17
\BOOKMARK [0][]{chapter.2}{Operational Semantics for Apricot}{part.1}% 18
\BOOKMARK [0][]{chapter.3}{The Application on Subway Control Systems}{part.1}% 19
\BOOKMARK [1][]{section.3.1}{Case Study: Subway Control Systems}{chapter.3}% 20
\BOOKMARK [-1][]{part.2}{II Verification and Synthesis}{}% 21
\BOOKMARK [0][]{chapter.4}{Formal Verification}{part.2}% 22
\BOOKMARK [-1][]{part.3}{III Simulation and Analysis}{}% 23
\BOOKMARK [-1][]{part.4}{IV Animation and Visualization}{}% 24
\BOOKMARK [-1][]{part.5}{V Feedback-Advancement Framework}{}% 25
\BOOKMARK [-1][]{part.6}{VI Conclusion}{}% 26
